<?xml version="1.0" encoding="UTF-8"?>
<coverage generated="1638553666811" clover="3.2.0">
  <project timestamp="1638553666811" name="All files">
    <metrics statements="11" coveredstatements="9" conditionals="4" coveredconditionals="3" methods="5" coveredmethods="2" elements="20" coveredelements="14" complexity="0" loc="11" ncloc="11" packages="1" files="1" classes="1"/>
    <file name="utilities.js" path="/Users/rwahlin/Projects/adventOfCode/src/lib/utilities.js">
      <metrics statements="11" coveredstatements="9" conditionals="4" coveredconditionals="3" methods="5" coveredmethods="2"/>
      <line num="7" count="1" type="stmt"/>
      <line num="8" count="0" type="stmt"/>
      <line num="16" count="1" type="stmt"/>
      <line num="17" count="0" type="stmt"/>
      <line num="20" count="1" type="stmt"/>
      <line num="21" count="1" type="stmt"/>
      <line num="22" count="1" type="stmt"/>
      <line num="23" count="3" type="cond" truecount="2" falsecount="0"/>
      <line num="24" count="3" type="cond" truecount="1" falsecount="1"/>
      <line num="25" count="3" type="stmt"/>
      <line num="29" count="1" type="stmt"/>
    </file>
  </project>
</coverage>
