{"/Users/rwahlin/Projects/adventOfCode/src/lib/utilities.js": {"path":"/Users/rwahlin/Projects/adventOfCode/src/lib/utilities.js","statementMap":{"0":{"start":{"line":7,"column":19},"end":{"line":9,"column":1}},"1":{"start":{"line":8,"column":2},"end":{"line":8,"column":48}},"2":{"start":{"line":16,"column":16},"end":{"line":18,"column":1}},"3":{"start":{"line":17,"column":2},"end":{"line":17,"column":50}},"4":{"start":{"line":17,"column":37},"end":{"line":17,"column":48}},"5":{"start":{"line":20,"column":24},"end":{"line":27,"column":1}},"6":{"start":{"line":21,"column":15},"end":{"line":21,"column":34}},"7":{"start":{"line":22,"column":2},"end":{"line":26,"column":5}},"8":{"start":{"line":23,"column":4},"end":{"line":23,"column":45}},"9":{"start":{"line":23,"column":35},"end":{"line":23,"column":45}},"10":{"start":{"line":24,"column":17},"end":{"line":24,"column":66}},"11":{"start":{"line":25,"column":4},"end":{"line":25,"column":18}},"12":{"start":{"line":29,"column":0},"end":{"line":33,"column":2}}},"fnMap":{"0":{"name":"(anonymous_0)","decl":{"start":{"line":7,"column":19},"end":{"line":7,"column":20}},"loc":{"start":{"line":7,"column":41},"end":{"line":9,"column":1}},"line":7},"1":{"name":"(anonymous_1)","decl":{"start":{"line":16,"column":16},"end":{"line":16,"column":17}},"loc":{"start":{"line":16,"column":26},"end":{"line":18,"column":1}},"line":16},"2":{"name":"(anonymous_2)","decl":{"start":{"line":17,"column":21},"end":{"line":17,"column":22}},"loc":{"start":{"line":17,"column":37},"end":{"line":17,"column":48}},"line":17},"3":{"name":"(anonymous_3)","decl":{"start":{"line":20,"column":24},"end":{"line":20,"column":25}},"loc":{"start":{"line":20,"column":42},"end":{"line":27,"column":1}},"line":20},"4":{"name":"(anonymous_4)","decl":{"start":{"line":22,"column":39},"end":{"line":22,"column":40}},"loc":{"start":{"line":22,"column":62},"end":{"line":26,"column":3}},"line":22}},"branchMap":{"0":{"loc":{"start":{"line":23,"column":4},"end":{"line":23,"column":45}},"type":"if","locations":[{"start":{"line":23,"column":4},"end":{"line":23,"column":45}},{"start":{},"end":{}}],"line":23},"1":{"loc":{"start":{"line":24,"column":17},"end":{"line":24,"column":66}},"type":"cond-expr","locations":[{"start":{"line":24,"column":31},"end":{"line":24,"column":58}},{"start":{"line":24,"column":61},"end":{"line":24,"column":66}}],"line":24}},"s":{"0":1,"1":0,"2":1,"3":0,"4":0,"5":1,"6":1,"7":1,"8":3,"9":1,"10":3,"11":3,"12":1},"f":{"0":0,"1":0,"2":0,"3":1,"4":3},"b":{"0":[1,2],"1":[3,0]},"_coverageSchema":"1a1c01bbd47fc00a2c39e90264f33305004495a9","hash":"aefec3659472361403200e3b7c8b84dd0cab3983"}
}
